
running 12 tests
test tests::it_works ... ok
test tests::test_device_properties ... ok
test tests::test_cuda_init_and_device_count ... ok
test tests::test_massive_event_creation_and_destruction ... ok
test tests::test_cuda_stream_create_and_sync ... ok
test cuda_alloc_tests::test_empty_cache ... ok
test tests::test_cuda_event_timing ... FAILED
test tests::test_cuda_event_create_and_sync ... ok
test tests::test_cross_stream_synchronization ... ok
test cuda_alloc_tests::test_thread_safety ... ok
test tests::test_event_profiling_hook ... FAILED
test cuda_alloc_tests::test_alloc_and_free ... ok

failures:

---- tests::test_cuda_event_timing stdout ----

thread 'tests::test_cuda_event_timing' panicked at neurarust-backend-cuda/src/lib.rs:365:9:
assertion failed: elapsed >= 0.0
note: run with `RUST_BACKTRACE=1` environment variable to display a backtrace

---- tests::test_event_profiling_hook stdout ----
[PROFILER] OpÃ©ration GPU simulÃ©e : -4.995072 ms

thread 'tests::test_event_profiling_hook' panicked at neurarust-backend-cuda/src/lib.rs:410:9:
assertion failed: elapsed >= 0.0


failures:
    tests::test_cuda_event_timing
    tests::test_event_profiling_hook

test result: FAILED. 10 passed; 2 failed; 0 ignored; 0 measured; 0 filtered out; finished in 0.42s

